<?xml version="1.0" encoding="UTF-8"?>
<!-- Generated by org.testng.reporters.JUnitReportReporter -->
<testsuite hostname="TVDI-027" failures="0" tests="5" name="org.git.GITHUB" time="12.537" errors="0" timestamp="2023-05-22T21:56:49 IST" skipped="0">
  <testcase classname="org.git.GITHUB" name="getUser" time="7.751"/>
  <system-out/>
  <testcase classname="org.git.GITHUB" name="getRepo" time="0.925"/>
  <system-out/>
  <testcase classname="org.git.GITHUB" name="create" time="1.769"/>
  <system-out/>
  <testcase classname="org.git.GITHUB" name="update" time="1.463"/>
  <system-out/>
  <testcase classname="org.git.GITHUB" name="delete" time="0.629"/>
  <system-out/>
</testsuite> <!-- org.git.GITHUB -->
